<?xml version="1.0" encoding="UTF-8"?>
<testsuite name="structural.decorator.MainKtTest" tests="1" skipped="0" failures="0" errors="0" timestamp="2022-05-24T01:45:31" hostname="GFI05292.lan" time="0.034">
  <properties/>
  <testcase name="main()" classname="structural.decorator.MainKtTest" time="0.034"/>
  <system-out><![CDATA[]]></system-out>
  <system-err><![CDATA[]]></system-err>
</testsuite>
